::1 - - [10/Mar/2025:07:20:34 +0000] "GET /api/v1/categories HTTP/1.1" 200 110 "-" "PostmanRuntime/7.43.0"
::1 - - [10/Mar/2025:07:20:58 +0000] "POST /api/v1/categories HTTP/1.1" 200 69 "-" "PostmanRuntime/7.43.0"
::1 - - [10/Mar/2025:07:33:10 +0000] "POST /api/v1/categories HTTP/1.1" 200 69 "-" "PostmanRuntime/7.43.0"
::1 - - [11/Mar/2025:07:02:19 +0000] "POST /api/v1/categories HTTP/1.1" 200 69 "-" "PostmanRuntime/7.43.0"
::1 - - [11/Mar/2025:08:25:09 +0000] "POST /api/v1/categories HTTP/1.1" 200 69 "-" "PostmanRuntime/7.43.0"
::1 - - [11/Mar/2025:08:28:14 +0000] "POST /api/v1/categories HTTP/1.1" 200 69 "-" "PostmanRuntime/7.43.0"
::1 - - [11/Mar/2025:08:29:40 +0000] "POST /api/v1/categories HTTP/1.1" 200 69 "-" "PostmanRuntime/7.43.0"
::1 - - [11/Mar/2025:08:54:31 +0000] "POST /api/v1/categories HTTP/1.1" 500 1436 "-" "PostmanRuntime/7.43.0"
::1 - - [11/Mar/2025:08:55:20 +0000] "POST /api/v1/categories HTTP/1.1" 200 69 "-" "PostmanRuntime/7.43.0"
::1 - - [11/Mar/2025:09:08:08 +0000] "POST /api/v1/categories HTTP/1.1" 400 371 "-" "PostmanRuntime/7.43.0"
::1 - - [11/Mar/2025:09:11:25 +0000] "POST /api/v1/categories HTTP/1.1" 400 372 "-" "PostmanRuntime/7.43.0"
::1 - - [11/Mar/2025:09:11:57 +0000] "POST /api/v1/categories HTTP/1.1" 400 29 "-" "PostmanRuntime/7.43.0"
::1 - - [11/Mar/2025:09:14:10 +0000] "POST /api/v1/categories HTTP/1.1" 400 374 "-" "PostmanRuntime/7.43.0"
::1 - - [11/Mar/2025:09:14:40 +0000] "POST /api/v1/categories HTTP/1.1" 400 553 "-" "PostmanRuntime/7.43.0"
::1 - - [11/Mar/2025:09:15:38 +0000] "POST /api/v1/categories HTTP/1.1" 200 284 "-" "PostmanRuntime/7.43.0"
::1 - - [11/Mar/2025:09:16:43 +0000] "POST /api/v1/categories HTTP/1.1" 200 253 "-" "PostmanRuntime/7.43.0"
::1 - - [11/Mar/2025:09:25:57 +0000] "POST /api/v1/categories HTTP/1.1" 200 294 "-" "PostmanRuntime/7.43.0"
::1 - - [11/Mar/2025:09:31:56 +0000] "POST /api/v1/categories HTTP/1.1" 200 225 "-" "PostmanRuntime/7.43.0"
::1 - - [11/Mar/2025:12:48:29 +0000] "GET /api/v1/categories HTTP/1.1" 200 1426 "-" "PostmanRuntime/7.43.0"
::1 - - [11/Mar/2025:12:54:17 +0000] "GET /api/v1/categories/1 HTTP/1.1" 400 249 "-" "PostmanRuntime/7.43.0"
::1 - - [11/Mar/2025:12:54:26 +0000] "GET /api/v1/categories/67d001a5170ff5902bbcafc2 HTTP/1.1" 200 294 "-" "PostmanRuntime/7.43.0"
::1 - - [11/Mar/2025:12:54:40 +0000] "GET /api/v1/categories/67d001a5170ff5902bbcafc1 HTTP/1.1" 200 28 "-" "PostmanRuntime/7.43.0"
::1 - - [11/Mar/2025:13:05:10 +0000] "GET /api/v1/categories/67d001a5170ff5902bbcafc1 HTTP/1.1" 400 99 "-" "PostmanRuntime/7.43.0"
::1 - - [11/Mar/2025:13:08:51 +0000] "GET /api/v1/categories/67d001a5170ff5902bbcafc2 HTTP/1.1" 200 294 "-" "PostmanRuntime/7.43.0"
::1 - - [11/Mar/2025:13:11:50 +0000] "GET /api/v1/categories/67d001a5170ff5902bbcafc1 HTTP/1.1" 400 99 "-" "PostmanRuntime/7.43.0"
::1 - - [11/Mar/2025:13:11:57 +0000] "GET /api/v1/categories/67d001a5170ff5902bbcafc2 HTTP/1.1" 200 294 "-" "PostmanRuntime/7.43.0"
::1 - - [12/Mar/2025:01:02:25 +0000] "GET /api/v1/categories HTTP/1.1" 200 26 "-" "PostmanRuntime/7.43.0"
::1 - - [12/Mar/2025:01:02:58 +0000] "GET /api/v1/categories/67d001a5170ff5902bbcafc2 HTTP/1.1" 400 99 "-" "PostmanRuntime/7.43.0"
::1 - - [12/Mar/2025:01:03:10 +0000] "GET /api/v1/categories/67d001a5170ff5902bbcafc1 HTTP/1.1" 400 99 "-" "PostmanRuntime/7.43.0"
::1 - - [12/Mar/2025:01:03:25 +0000] "POST /api/v1/categories HTTP/1.1" 200 226 "-" "PostmanRuntime/7.43.0"
::1 - - [12/Mar/2025:01:03:43 +0000] "GET /api/v1/categories67d0dd5dca76d9d06998ba02 HTTP/1.1" 404 180 "-" "PostmanRuntime/7.43.0"
::1 - - [12/Mar/2025:01:05:27 +0000] "GET /api/v1/categories HTTP/1.1" 200 228 "-" "PostmanRuntime/7.43.0"
::1 - - [12/Mar/2025:01:06:12 +0000] "POST /api/v1/categories HTTP/1.1" 200 226 "-" "PostmanRuntime/7.43.0"
::1 - - [12/Mar/2025:01:06:17 +0000] "GET /api/v1/categories HTTP/1.1" 200 431 "-" "PostmanRuntime/7.43.0"
::1 - - [12/Mar/2025:01:06:23 +0000] "GET /api/v1/categories67d0dd5dca76d9d06998ba02 HTTP/1.1" 404 180 "-" "PostmanRuntime/7.43.0"
::1 - - [12/Mar/2025:01:06:45 +0000] "GET /api/v1/categories/67d0de03ca76d9d06998ba05 HTTP/1.1" 200 226 "-" "PostmanRuntime/7.43.0"
::1 - - [12/Mar/2025:02:13:02 +0000] "GET /api/v1/categories/67d0de03ca76d9d06998ba04 HTTP/1.1" 400 2118 "-" "PostmanRuntime/7.43.0"
::1 - - [12/Mar/2025:02:22:44 +0000] "GET /api/v1/categories/67d0de03ca76d9d06998ba05 HTTP/1.1" 200 226 "-" "PostmanRuntime/7.43.0"
::1 - - [12/Mar/2025:02:22:50 +0000] "GET /api/v1/categories/67d0de03ca76d9d06998ba04 HTTP/1.1" 400 99 "-" "PostmanRuntime/7.43.0"
::1 - - [12/Mar/2025:02:23:30 +0000] "GET /api/v1/categories/67d0de03ca76d9d06998ba05 HTTP/1.1" 200 226 "-" "PostmanRuntime/7.43.0"
::1 - - [12/Mar/2025:03:17:39 +0000] "GET /api/v1/categories/67d0de03ca76d9d06998ba05 HTTP/1.1" 200 226 "-" "PostmanRuntime/7.43.0"
::1 - - [12/Mar/2025:03:17:45 +0000] "GET /api/v1/categories/67d0de03ca76d9d06998ba04 HTTP/1.1" 400 99 "-" "PostmanRuntime/7.43.0"
::1 - - [12/Mar/2025:03:17:51 +0000] "GET /api/v1/categories/67d0de03ca76d9d06998ba05 HTTP/1.1" 200 226 "-" "PostmanRuntime/7.43.0"
::1 - - [12/Mar/2025:03:21:54 +0000] "DELETE /api/v1/categories/123 HTTP/1.1" 200 78 "-" "PostmanRuntime/7.43.0"
::1 - - [12/Mar/2025:03:33:12 +0000] "GET /api/v1/categories HTTP/1.1" 200 431 "-" "PostmanRuntime/7.43.0"
::1 - - [12/Mar/2025:03:33:31 +0000] "DELETE /api/v1/categories/67d0de03ca76d9d06998ba05 HTTP/1.1" 400 28 "-" "PostmanRuntime/7.43.0"
::1 - - [12/Mar/2025:03:42:00 +0000] "DELETE /api/v1/categories/67d0de03ca76d9d06998ba05 HTTP/1.1" 400 28 "-" "PostmanRuntime/7.43.0"
::1 - - [12/Mar/2025:03:43:44 +0000] "DELETE /api/v1/categories/67d0de03ca76d9d06998ba05 HTTP/1.1" 200 226 "-" "PostmanRuntime/7.43.0"
::1 - - [12/Mar/2025:03:43:57 +0000] "GET /api/v1/categories HTTP/1.1" 200 228 "-" "PostmanRuntime/7.43.0"
::1 - - [12/Mar/2025:03:45:30 +0000] "POST /api/v1/categories HTTP/1.1" 200 227 "-" "PostmanRuntime/7.43.0"
::1 - - [12/Mar/2025:03:45:40 +0000] "POST /api/v1/categories HTTP/1.1" 200 227 "-" "PostmanRuntime/7.43.0"
::1 - - [12/Mar/2025:03:45:48 +0000] "POST /api/v1/categories HTTP/1.1" 200 227 "-" "PostmanRuntime/7.43.0"
::1 - - [12/Mar/2025:03:45:50 +0000] "GET /api/v1/categories HTTP/1.1" 200 840 "-" "PostmanRuntime/7.43.0"
::1 - - [12/Mar/2025:03:46:09 +0000] "DELETE /api/v1/categories/67d1036caf86bcd82a629594 HTTP/1.1" 200 117 "-" "PostmanRuntime/7.43.0"
::1 - - [12/Mar/2025:03:46:24 +0000] "DELETE /api/v1/categories/67d1036caf86bcd82a629595 HTTP/1.1" 400 28 "-" "PostmanRuntime/7.43.0"
::1 - - [12/Mar/2025:03:46:45 +0000] "DELETE /api/v1/categories/67d1036caf86bcd82a629594 HTTP/1.1" 400 28 "-" "PostmanRuntime/7.43.0"
::1 - - [12/Mar/2025:03:46:54 +0000] "GET /api/v1/categories HTTP/1.1" 200 636 "-" "PostmanRuntime/7.43.0"
::1 - - [12/Mar/2025:03:47:11 +0000] "DELETE /api/v1/categories/67d10364af86bcd82a629593 HTTP/1.1" 400 28 "-" "PostmanRuntime/7.43.0"
::1 - - [12/Mar/2025:03:47:16 +0000] "DELETE /api/v1/categories/67d10364af86bcd82a629592 HTTP/1.1" 200 117 "-" "PostmanRuntime/7.43.0"
::1 - - [12/Mar/2025:03:50:05 +0000] "DELETE /api/v1/categories/123456 HTTP/1.1" 400 269 "-" "PostmanRuntime/7.43.0"
::1 - - [12/Mar/2025:03:51:28 +0000] "GET /api/v1/categories HTTP/1.1" 200 432 "-" "PostmanRuntime/7.43.0"
::1 - - [12/Mar/2025:03:52:17 +0000] "DELETE /api/v1/categories/67d1035aaf86bcd82a629591 HTTP/1.1" 400 28 "-" "PostmanRuntime/7.43.0"
::1 - - [12/Mar/2025:03:53:56 +0000] "DELETE /api/v1/categories/67d1035aaf86bcd82a629591 HTTP/1.1" 400 127 "-" "PostmanRuntime/7.43.0"
::1 - - [12/Mar/2025:03:54:11 +0000] "DELETE /api/v1/categories/67d1035aaf86bcd82a629590 HTTP/1.1" 200 117 "-" "PostmanRuntime/7.43.0"
::1 - - [12/Mar/2025:03:54:17 +0000] "GET /api/v1/categories HTTP/1.1" 200 228 "-" "PostmanRuntime/7.43.0"
::1 - - [12/Mar/2025:03:54:41 +0000] "POST /api/v1/categories HTTP/1.1" 200 229 "-" "PostmanRuntime/7.43.0"
::1 - - [12/Mar/2025:03:54:44 +0000] "GET /api/v1/categories HTTP/1.1" 200 434 "-" "PostmanRuntime/7.43.0"
::1 - - [12/Mar/2025:03:55:15 +0000] "PUT /api/v1/categories/123 HTTP/1.1" 200 87 "-" "PostmanRuntime/7.43.0"
::1 - - [12/Mar/2025:04:00:49 +0000] "PUT /api/v1/categories/123 HTTP/1.1" 400 260 "-" "PostmanRuntime/7.43.0"
::1 - - [12/Mar/2025:04:00:58 +0000] "GET /api/v1/categories HTTP/1.1" 200 434 "-" "PostmanRuntime/7.43.0"
::1 - - [12/Mar/2025:04:01:21 +0000] "PUT /api/v1/categories/67d105816840ecbe77fe5031 HTTP/1.1" 400 88 "-" "PostmanRuntime/7.43.0"
::1 - - [12/Mar/2025:04:01:37 +0000] "PUT /api/v1/categories/67d105816840ecbe77fe503e HTTP/1.1" 200 229 "-" "PostmanRuntime/7.43.0"
::1 - - [12/Mar/2025:04:05:32 +0000] "PUT /api/v1/categories/67d105816840ecbe77fe503e HTTP/1.1" 200 229 "-" "PostmanRuntime/7.43.0"
::1 - - [12/Mar/2025:04:05:42 +0000] "PUT /api/v1/categories/67d105816840ecbe77fe503e HTTP/1.1" 200 229 "-" "PostmanRuntime/7.43.0"
::1 - - [12/Mar/2025:04:05:45 +0000] "PUT /api/v1/categories/67d105816840ecbe77fe503e HTTP/1.1" 200 229 "-" "PostmanRuntime/7.43.0"
::1 - - [12/Mar/2025:04:08:26 +0000] "PUT /api/v1/categories/67d105816840ecbe77fe503e HTTP/1.1" 200 245 "-" "PostmanRuntime/7.43.0"
::1 - - [12/Mar/2025:04:08:42 +0000] "GET /api/v1/categories HTTP/1.1" 200 450 "-" "PostmanRuntime/7.43.0"
::1 - - [12/Mar/2025:04:08:59 +0000] "PUT /api/v1/categories/67d0dd5dca76d9d06998ba01 HTTP/1.1" 400 88 "-" "PostmanRuntime/7.43.0"
::1 - - [12/Mar/2025:04:09:59 +0000] "PUT /api/v1/categories/67d0dd5dca76d9d06998ba02 HTTP/1.1" 200 367 "-" "PostmanRuntime/7.43.0"
::1 - - [12/Mar/2025:04:10:08 +0000] "GET /api/v1/categories HTTP/1.1" 200 591 "-" "PostmanRuntime/7.43.0"
::1 - - [12/Mar/2025:04:10:57 +0000] "GET /api/v1/categories HTTP/1.1" 200 591 "-" "PostmanRuntime/7.43.0"
::1 - - [12/Mar/2025:04:14:51 +0000] "PUT /api/v1/categories/67d0dd5dca76d9d06998ba02 HTTP/1.1" 400 923 "-" "PostmanRuntime/7.43.0"
::1 - - [12/Mar/2025:04:15:57 +0000] "PUT /api/v1/categories/67d105816840ecbe77fe503e HTTP/1.1" 200 267 "-" "PostmanRuntime/7.43.0"
::1 - - [12/Mar/2025:04:16:06 +0000] "GET /api/v1/categories HTTP/1.1" 200 613 "-" "PostmanRuntime/7.43.0"
::1 - - [12/Mar/2025:08:59:46 +0000] "GET /api/v1/categories/67d0de03ca76d9d06998ba05 HTTP/1.1" 400 99 "-" "PostmanRuntime/7.43.0"
::1 - - [12/Mar/2025:09:18:19 +0000] "GET /api/v1/categories/67d0de03ca76d9d06998ba05 HTTP/1.1" 400 99 "-" "PostmanRuntime/7.43.0"
::1 - - [12/Mar/2025:09:19:07 +0000] "GET /api/v1/categories/67d105816840ecbe77fe503e HTTP/1.1" 200 267 "-" "PostmanRuntime/7.43.0"
::1 - - [12/Mar/2025:09:19:21 +0000] "GET /api/v1/categories/67d105816840ecbe77fe503e1 HTTP/1.1" 500 149 "-" "PostmanRuntime/7.43.0"
::1 - - [12/Mar/2025:09:20:18 +0000] "GET /api/v1/categories/67d105816840ecbe77fe503e1 HTTP/1.1" 500 149 "-" "PostmanRuntime/7.43.0"
::1 - - [12/Mar/2025:09:21:33 +0000] "GET /api/v1/categories/67d105816840ecbe77fe503e1 HTTP/1.1" 500 149 "-" "PostmanRuntime/7.43.0"
::1 - - [12/Mar/2025:09:25:08 +0000] "GET /api/v1/categories/67d105816840ecbe77fe503e HTTP/1.1" 200 267 "-" "PostmanRuntime/7.43.0"
::1 - - [12/Mar/2025:09:25:14 +0000] "DELETE /api/v1/categories/67d1035aaf86bcd82a629590 HTTP/1.1" 400 127 "-" "PostmanRuntime/7.43.0"
::1 - - [12/Mar/2025:10:09:56 +0000] "GET /api/v1/categories/67d105816840ecbe77fe503e1 HTTP/1.1" 500 149 "-" "PostmanRuntime/7.43.0"
::1 - - [12/Mar/2025:10:11:31 +0000] "GET /api/v1/categories/67d105816840ecbe77fe503e HTTP/1.1" 200 267 "-" "PostmanRuntime/7.43.0"
::1 - - [12/Mar/2025:10:11:41 +0000] "GET /api/v1/categories/67d105816840ecbe77fe5031 HTTP/1.1" 401 109 "-" "PostmanRuntime/7.43.0"
::1 - - [12/Mar/2025:10:12:39 +0000] "GET /api/v1/categories/67d105816840ecbe77fe5031 HTTP/1.1" 400 109 "-" "PostmanRuntime/7.43.0"
::1 - - [12/Mar/2025:10:15:47 +0000] "PUT /api/v1/categories/67d105816840ecbe77fe5031 HTTP/1.1" 400 145 "-" "PostmanRuntime/7.43.0"
::1 - - [12/Mar/2025:10:16:00 +0000] "DELETE /api/v1/categories/67d105816840ecbe77fe5031 HTTP/1.1" 400 143 "-" "PostmanRuntime/7.43.0"
::1 - - [13/Mar/2025:03:21:58 +0000] "GET /api/v1/categories/67d105816840ecbe77fe5031 HTTP/1.1" 400 143 "-" "PostmanRuntime/7.43.0"
::1 - - [13/Mar/2025:03:22:23 +0000] "GET /api/v1/categories/67d105816840ecbe77fe5031 HTTP/1.1" 400 144 "-" "PostmanRuntime/7.43.0"
::1 - - [13/Mar/2025:03:23:02 +0000] "GET /api/v1/categories/67d105816840ecbe77fe5031 HTTP/1.1" 403 144 "-" "PostmanRuntime/7.43.0"
::1 - - [13/Mar/2025:03:43:36 +0000] "PUT /api/v1/categories67d105816840ecbe77fe5031 HTTP/1.1" 404 180 "-" "PostmanRuntime/7.43.0"
::1 - - [13/Mar/2025:03:43:48 +0000] "PUT /api/v1/categories67d105816840ecbe77fe5031 HTTP/1.1" 404 180 "-" "PostmanRuntime/7.43.0"
::1 - - [13/Mar/2025:03:44:03 +0000] "PUT /api/v1/categories/67d105816840ecbe77fe5031 HTTP/1.1" 400 145 "-" "PostmanRuntime/7.43.0"
::1 - - [13/Mar/2025:03:44:12 +0000] "DELETE /api/v1/categories/67d105816840ecbe77fe5031 HTTP/1.1" 400 143 "-" "PostmanRuntime/7.43.0"
::1 - - [15/Mar/2025:11:00:47 +0000] "GET /api/v1/categories HTTP/1.1" 200 613 "-" "PostmanRuntime/7.43.2"
::1 - - [15/Mar/2025:12:03:27 +0000] "GET /api/v1/categories HTTP/1.1" 200 26 "-" "PostmanRuntime/7.43.2"
::1 - - [15/Mar/2025:12:23:52 +0000] "GET /api/v1/categories HTTP/1.1" 200 26 "-" "PostmanRuntime/7.43.2"
::1 - - [15/Mar/2025:12:24:25 +0000] "GET /api/v1/categories HTTP/1.1" 200 459 "-" "PostmanRuntime/7.43.2"
::1 - - [15/Mar/2025:13:23:57 +0000] "POST /api/v1/categories HTTP/1.1" 200 282 "-" "PostmanRuntime/7.43.2"
::1 - - [15/Mar/2025:13:25:13 +0000] "POST /api/v1/categories HTTP/1.1" 200 246 "-" "PostmanRuntime/7.43.2"
::1 - - [15/Mar/2025:13:45:32 +0000] "POST /api/v1/categories HTTP/1.1" 200 209 "-" "PostmanRuntime/7.43.2"
::1 - - [15/Mar/2025:13:49:26 +0000] "GET /api/v1/categories HTTP/1.1" 200 1127 "-" "PostmanRuntime/7.43.2"
::1 - - [15/Mar/2025:14:08:14 +0000] "GET /api/v1/categories HTTP/1.1" 200 1127 "-" "PostmanRuntime/7.43.2"
::1 - - [15/Mar/2025:14:09:25 +0000] "GET /api/v1/categories HTTP/1.1" 200 26 "-" "PostmanRuntime/7.43.2"
::1 - - [15/Mar/2025:14:10:00 +0000] "GET /api/v1/categories HTTP/1.1" 200 537 "-" "PostmanRuntime/7.43.2"
::1 - - [15/Mar/2025:14:12:23 +0000] "POST /api/v1/categories HTTP/1.1" 200 264 "-" "PostmanRuntime/7.43.2"
::1 - - [15/Mar/2025:14:12:46 +0000] "POST /api/v1/categories HTTP/1.1" 200 302 "-" "PostmanRuntime/7.43.2"
::1 - - [15/Mar/2025:14:12:53 +0000] "GET /api/v1/categories HTTP/1.1" 200 1057 "-" "PostmanRuntime/7.43.2"
::1 - - [15/Mar/2025:14:13:39 +0000] "GET /api/v1/categories HTTP/1.1" 200 26 "-" "PostmanRuntime/7.43.2"
::1 - - [15/Mar/2025:14:14:01 +0000] "GET /api/v1/categories HTTP/1.1" 200 537 "-" "PostmanRuntime/7.43.2"
::1 - - [15/Mar/2025:14:14:35 +0000] "GET /api/v1/categories HTTP/1.1" 200 26 "-" "PostmanRuntime/7.43.2"
::1 - - [15/Mar/2025:14:14:48 +0000] "GET /api/v1/categories HTTP/1.1" 200 1057 "-" "PostmanRuntime/7.43.2"
::1 - - [16/Mar/2025:02:31:17 +0000] "GET /api/v1/categories HTTP/1.1" 200 1213 "-" "PostmanRuntime/7.43.2"
::1 - - [16/Mar/2025:02:33:45 +0000] "POST /api/v1/categories HTTP/1.1" 200 280 "-" "PostmanRuntime/7.43.2"
::1 - - [16/Mar/2025:02:34:03 +0000] "GET /api/v1/categories HTTP/1.1" 200 1470 "-" "PostmanRuntime/7.43.2"
::1 - - [16/Mar/2025:02:59:01 +0000] "GET /api/v1/categories?name=%D0%A8%D0%B8%D0%BD%D0%B6%D0%BB%D1%8D%D1%85&averagePrice=10000 HTTP/1.1" 200 1470 "-" "PostmanRuntime/7.43.2"
::1 - - [16/Mar/2025:03:18:23 +0000] "GET /api/v1/categories?name=%D0%A8%D0%B8%D0%BD%D0%B6%D0%BB%D1%8D%D1%85&averagePrice=10000 HTTP/1.1" 200 1470 "-" "PostmanRuntime/7.43.2"
::1 - - [16/Mar/2025:03:28:19 +0000] "GET /api/v1/categories?name=%D0%A8%D0%B8%D0%BD%D0%B6%D0%BB%D1%8D%D1%85&averagePrice=10000 HTTP/1.1" 200 1470 "-" "PostmanRuntime/7.43.2"
::1 - - [16/Mar/2025:03:34:45 +0000] "GET /api/v1/categories?name=%D0%A8%D0%B8%D0%BD%D0%B6%D0%BB%D1%8D%D1%85 HTTP/1.1" 200 26 "-" "PostmanRuntime/7.43.2"
::1 - - [16/Mar/2025:03:34:59 +0000] "GET /api/v1/categories?name=%D0%A8%D0%B8%D0%BD%D0%B6%D0%BB%D1%8D%D1%85%20%D1%83%D1%85%D0%B0%D0%B0%D0%BD HTTP/1.1" 200 26 "-" "PostmanRuntime/7.43.2"
::1 - - [16/Mar/2025:03:35:14 +0000] "GET /api/v1/categories HTTP/1.1" 200 1470 "-" "PostmanRuntime/7.43.2"
::1 - - [16/Mar/2025:03:35:52 +0000] "GET /api/v1/categories?name=%D0%A8%D0%B8%D0%BD%D0%B6%D0%BB%D0%B0%D1%85 HTTP/1.1" 200 26 "-" "PostmanRuntime/7.43.2"
::1 - - [16/Mar/2025:03:36:01 +0000] "GET /api/v1/categories?name=%D0%A8%D0%B8%D0%BD%D0%B6%D0%BB%D0%B0%D1%85%20%D1%83%D1%85%D0%B0%D0%B0%D0%BD HTTP/1.1" 200 282 "-" "PostmanRuntime/7.43.2"
::1 - - [16/Mar/2025:03:36:55 +0000] "PUT /api/v1/categories/67d63889e893b48a425bc228 HTTP/1.1" 200 280 "-" "PostmanRuntime/7.43.2"
::1 - - [16/Mar/2025:03:37:07 +0000] "GET /api/v1/categories?name=%D0%A8%D0%B8%D0%BD%D0%B6%D0%BB%D1%8D%D1%85%20%D1%83%D1%85%D0%B0%D0%B0%D0%BD HTTP/1.1" 200 282 "-" "PostmanRuntime/7.43.2"
::1 - - [18/Mar/2025:01:32:21 +0000] "GET /api/v1/categories?name=%D0%A8%D0%B8%D0%BD%D0%B6%D0%BB%D1%8D%D1%85%20%D1%83%D1%85%D0%B0%D0%B0%D0%BD HTTP/1.1" 200 282 "-" "PostmanRuntime/7.43.2"
::1 - - [18/Mar/2025:01:47:36 +0000] "GET /api/v1/categories HTTP/1.1" 200 1470 "-" "PostmanRuntime/7.43.2"
::1 - - [18/Mar/2025:01:52:08 +0000] "GET /api/v1/categories?averagePrice[$gte]=40000 HTTP/1.1" 200 887 "-" "PostmanRuntime/7.43.2"
::1 - - [18/Mar/2025:01:57:36 +0000] "GET /api/v1/categories?averagePrice[$gte]=20000 HTTP/1.1" 200 1213 "-" "PostmanRuntime/7.43.2"
::1 - - [18/Mar/2025:01:57:53 +0000] "GET /api/v1/categories?averagePrice[$gte]=10000 HTTP/1.1" 200 1470 "-" "PostmanRuntime/7.43.2"
::1 - - [18/Mar/2025:01:59:26 +0000] "GET /api/v1/categories?averagePrice[$gte]=40000&averageRating[gt6] HTTP/1.1" 500 143 "-" "PostmanRuntime/7.43.2"
::1 - - [18/Mar/2025:01:59:44 +0000] "GET /api/v1/categories?averagePrice[$gte]=40000&averageRating[$gt6] HTTP/1.1" 500 132 "-" "PostmanRuntime/7.43.2"
::1 - - [18/Mar/2025:01:59:54 +0000] "GET /api/v1/categories?averagePrice[$gte]=40000&%20averageRating[$gt6] HTTP/1.1" 500 50 "-" "PostmanRuntime/7.43.2"
::1 - - [18/Mar/2025:02:00:10 +0000] "GET /api/v1/categories?averagePrice[$gte]=40000&%20averageRating[$gt]=6 HTTP/1.1" 200 26 "-" "PostmanRuntime/7.43.2"
::1 - - [18/Mar/2025:02:00:18 +0000] "GET /api/v1/categories?averagePrice[$gte]=40000&averageRating[$gt]=6 HTTP/1.1" 200 623 "-" "PostmanRuntime/7.43.2"
::1 - - [18/Mar/2025:03:13:53 +0000] "GET /api/v1/categories?select=name%20slug HTTP/1.1" 200 26 "-" "PostmanRuntime/7.43.2"
::1 - - [18/Mar/2025:05:42:07 +0000] "GET /api/v1/categories?select=name%20slug HTTP/1.1" 200 26 "-" "PostmanRuntime/7.43.2"
::1 - - [18/Mar/2025:05:50:14 +0000] "GET /api/v1/categories?select=name%20slug HTTP/1.1" 200 26 "-" "PostmanRuntime/7.43.2"
::1 - - [18/Mar/2025:05:50:26 +0000] "GET /api/v1/categories?select=name%20slug HTTP/1.1" 200 643 "-" "PostmanRuntime/7.43.2"
::1 - - [18/Mar/2025:05:59:47 +0000] "GET /api/v1/categories?select=name%20slug%20averageRating HTTP/1.1" 200 733 "-" "PostmanRuntime/7.43.2"
::1 - - [18/Mar/2025:06:03:46 +0000] "GET /api/v1/categories?select=name%20slug%20averageRating&averageRating[$gt]=5 HTTP/1.1" 200 469 "-" "PostmanRuntime/7.43.2"
::1 - - [18/Mar/2025:06:10:28 +0000] "GET /api/v1/categories?select=name%20slug%20averageRating&averageRating[$gt]=5&sort=name HTTP/1.1" 200 26 "-" "PostmanRuntime/7.43.2"
::1 - - [18/Mar/2025:06:10:55 +0000] "GET /api/v1/categories?select=name%20slug%20averageRating&averageRating[$gt]=5&sort=name HTTP/1.1" 200 26 "-" "PostmanRuntime/7.43.2"
::1 - - [18/Mar/2025:06:18:49 +0000] "GET /api/v1/categories?select=name%20slug%20averageRating&averageRating[$gt]=5&sort=name HTTP/1.1" 200 469 "-" "PostmanRuntime/7.43.2"
::1 - - [18/Mar/2025:06:22:13 +0000] "GET /api/v1/categories?select=name%20slug%20averageRating&averageRating[$gt]=5&sort=-name HTTP/1.1" 200 469 "-" "PostmanRuntime/7.43.2"
::1 - - [18/Mar/2025:06:23:39 +0000] "GET /api/v1/categories?select=name%20slug%20averageRating&averageRating[$gt]=5&sort=avaerageRating HTTP/1.1" 200 469 "-" "PostmanRuntime/7.43.2"
::1 - - [18/Mar/2025:06:27:53 +0000] "PUT /api/v1/categories/67d58ac72f91f0790d99006a HTTP/1.1" 200 304 "-" "PostmanRuntime/7.43.2"
::1 - - [18/Mar/2025:06:28:02 +0000] "GET /api/v1/categories?select=name%20slug%20averageRating&averageRating[$gt]=5&sort=avaerageRating HTTP/1.1" 200 469 "-" "PostmanRuntime/7.43.2"
::1 - - [18/Mar/2025:06:28:58 +0000] "GET /api/v1/categories?select=name%20slug%20averageRating&averageRating[$gt]=5&sort=avaerageRating HTTP/1.1" 200 469 "-" "PostmanRuntime/7.43.2"
::1 - - [18/Mar/2025:06:29:20 +0000] "GET /api/v1/categories?select=name%20slug%20averageRating%20averagePrice&averageRating[$gt]=5&sort=avaerageRating HTTP/1.1" 200 532 "-" "PostmanRuntime/7.43.2"
::1 - - [18/Mar/2025:06:29:48 +0000] "GET /api/v1/categories?select=name%20slug%20averageRating%20averagePrice&averageRating[$gt]=5&sort=avaerageRating%20-averagePrice HTTP/1.1" 200 532 "-" "PostmanRuntime/7.43.2"
